#
# There is insufficient memory for the Java Runtime Environment to continue.
# Native memory allocation (mmap) failed to map 130023424 bytes. Error detail: G1 virtual space
# Possible reasons:
#   The system is out of physical RAM or swap space
#   This process is running with CompressedOops enabled, and the Java Heap may be blocking the growth of the native heap
# Possible solutions:
#   Reduce memory load on the system
#   Increase physical memory or swap space
#   Check if swap backing store is full
#   Decrease Java heap size (-Xmx/-Xms)
#   Decrease number of Java threads
#   Decrease Java thread stack sizes (-Xss)
#   Set larger code cache with -XX:ReservedCodeCacheSize=
#   JVM is running with Unscaled Compressed Oops mode in which the Java heap is
#     placed in the first 4GB address space. The Java Heap base address is the
#     maximum limit for the native heap growth. Please use -XX:HeapBaseMinAddress
#     to set the Java Heap base and to place the Java Heap above 4GB virtual address.
# This output file may be truncated or incomplete.
#
#  Out of Memory Error (os_windows.cpp:3631), pid=19132, tid=7720
#
# JRE version:  (22.0.1+8) (build )
# Java VM: Java HotSpot(TM) 64-Bit Server VM (22.0.1+8-16, mixed mode, sharing, tiered, compressed oops, compressed class ptrs, g1 gc, windows-amd64)
# No core dump will be written. Minidumps are not enabled by default on client versions of Windows
#

---------------  S U M M A R Y ------------

Command Line: 

Host: 11th Gen Intel(R) Core(TM) i7-1165G7 @ 2.80GHz, 8 cores, 7G,  Windows 11 , 64 bit Build 22621 (10.0.22621.3527)
Time: Fri May 31 18:50:14 2024 SE Asia Standard Time elapsed time: 0.013422 seconds (0d 0h 0m 0s)

---------------  T H R E A D  ---------------

Current thread (0x000002880cf244f0):  JavaThread "Unknown thread" [_thread_in_vm, id=7720, stack(0x000000b234a00000,0x000000b234b00000) (1024K)]

Stack: [0x000000b234a00000,0x000000b234b00000]
Native frames: (J=compiled Java code, j=interpreted, Vv=VM code, C=native code)
V  [jvm.dll+0x6e2279]  (no source info available)
V  [jvm.dll+0x874e33]  (no source info available)
V  [jvm.dll+0x87725e]  (no source info available)
V  [jvm.dll+0x877933]  (no source info available)
V  [jvm.dll+0x27fd76]  (no source info available)
V  [jvm.dll+0x6de915]  (no source info available)
V  [jvm.dll+0x6d341a]  (no source info available)
V  [jvm.dll+0x3589da]  (no source info available)
V  [jvm.dll+0x360f06]  (no source info available)
V  [jvm.dll+0x3b3e2e]  (no source info available)
V  [jvm.dll+0x3b40d8]  (no source info available)
V  [jvm.dll+0x32c59c]  (no source info available)
V  [jvm.dll+0x32d158]  (no source info available)
V  [jvm.dll+0x83ccdc]  (no source info available)
V  [jvm.dll+0x3c0d71]  (no source info available)
V  [jvm.dll+0x825ccc]  (no source info available)
V  [jvm.dll+0x45b8fe]  (no source info available)
V  [jvm.dll+0x45d781]  (no source info available)
C  [jli.dll+0x52a3]  (no source info available)
C  [ucrtbase.dll+0x29333]  (no source info available)
C  [KERNEL32.DLL+0x1257d]  (no source info available)
C  [ntdll.dll+0x5aa48]  (no source info available)


---------------  P R O C E S S  ---------------

Threads class SMR info:
_java_thread_list=0x00007ffafbceb1c8, length=0, elements={
}

Java Threads: ( => current thread )
Total: 0

Other Threads:
  0x000002880f1a7f80 WorkerThread "GC Thread#0"                     [id=12296, stack(0x000000b234b00000,0x000000b234c00000) (1024K)]
  0x000002880f1b85f0 ConcurrentGCThread "G1 Main Marker"            [id=13896, stack(0x000000b234c00000,0x000000b234d00000) (1024K)]
  0x000002880f1b9000 WorkerThread "G1 Conc#0"                       [id=14356, stack(0x000000b234d00000,0x000000b234e00000) (1024K)]

[error occurred during error reporting (printing all threads), id 0xc0000005, EXCEPTION_ACCESS_VIOLATION (0xc0000005) at pc=0x00007ffafb43f367]
VM state: not at safepoint (not fully initialized)

VM Mutex/Monitor currently owned by a thread:  ([mutex/lock_event])
[0x00007ffafbd6bcb8] Heap_lock - owner thread: 0x000002880cf244f0

Heap address: 0x0000000084400000, size: 1980 MB, Compressed Oops mode: 32-bit

CDS archive(s) mapped at: [0x0000000000000000-0x0000000000000000-0x0000000000000000), size 0, SharedBaseAddress: 0x0000000800000000, ArchiveRelocationMode: 1.
Narrow klass base: 0x0000000000000000, Narrow klass shift: 0, Narrow klass range: 0x0

GC Precious Log:
 CardTable entry size: 512
 Card Set container configuration: InlinePtr #cards 5 size 8 Array Of Cards #cards 12 size 40 Howl #buckets 4 coarsen threshold 1843 Howl Bitmap #cards 512 size 80 coarsen threshold 460 Card regions per heap region 1 cards per card region 2048

Heap:
 garbage-first heap   total reserved 2027520K, committed 0K, used 0K [0x0000000084400000, 0x0000000100000000)
  region size 1024K, 0 young (0K), 0 survivors (0K)

[error occurred during error reporting (printing heap information), id 0xc0000005, EXCEPTION_ACCESS_VIOLATION (0xc0000005) at pc=0x00007ffafb83e429]
GC Heap History (0 events):
No events

Dll operation events (1 events):
Event: 0.009 Loaded shared library C:\Program Files\Java\jdk-22\bin\java.dll

Deoptimization events (0 events):
No events

Classes loaded (0 events):
No events

Classes unloaded (0 events):
No events

Classes redefined (0 events):
No events

Internal exceptions (0 events):
No events

ZGC Phase Switch (0 events):
No events

VM Operations (0 events):
No events

Events (0 events):
No events


Dynamic libraries:
0x00007ff719200000 - 0x00007ff719210000 	C:\Program Files\Java\jdk-22\bin\java.exe
0x00007ffb7cd90000 - 0x00007ffb7cfa7000 	C:\WINDOWS\SYSTEM32\ntdll.dll
0x00007ffb7b990000 - 0x00007ffb7ba54000 	C:\WINDOWS\System32\KERNEL32.DLL
0x00007ffb7a340000 - 0x00007ffb7a6e7000 	C:\WINDOWS\System32\KERNELBASE.dll
0x00007ffb7a930000 - 0x00007ffb7aa41000 	C:\WINDOWS\System32\ucrtbase.dll
0x00007ffb5a780000 - 0x00007ffb5a79b000 	C:\Program Files\Java\jdk-22\bin\VCRUNTIME140.dll
0x00007ffb5a760000 - 0x00007ffb5a777000 	C:\Program Files\Java\jdk-22\bin\jli.dll
0x00007ffb7c6e0000 - 0x00007ffb7c792000 	C:\WINDOWS\System32\ADVAPI32.dll
0x00007ffb7c820000 - 0x00007ffb7c8c7000 	C:\WINDOWS\System32\msvcrt.dll
0x00007ffb7aac0000 - 0x00007ffb7ab68000 	C:\WINDOWS\System32\sechost.dll
0x00007ffb7a6f0000 - 0x00007ffb7a718000 	C:\WINDOWS\System32\bcrypt.dll
0x00007ffb7ade0000 - 0x00007ffb7aef5000 	C:\WINDOWS\System32\RPCRT4.dll
0x00007ffb7c530000 - 0x00007ffb7c6de000 	C:\WINDOWS\System32\USER32.dll
0x00007ffb7a1d0000 - 0x00007ffb7a1f6000 	C:\WINDOWS\System32\win32u.dll
0x00007ffb5bfa0000 - 0x00007ffb5c233000 	C:\WINDOWS\WinSxS\amd64_microsoft.windows.common-controls_6595b64144ccf1df_6.0.22621.3527_none_270e469b73872a76\COMCTL32.dll
0x00007ffb7b880000 - 0x00007ffb7b8a9000 	C:\WINDOWS\System32\GDI32.dll
0x00007ffb7a0b0000 - 0x00007ffb7a1c9000 	C:\WINDOWS\System32\gdi32full.dll
0x00007ffb7a890000 - 0x00007ffb7a92a000 	C:\WINDOWS\System32\msvcp_win.dll
0x00007ffb78d00000 - 0x00007ffb78d0a000 	C:\WINDOWS\SYSTEM32\VERSION.dll
0x00007ffb7c470000 - 0x00007ffb7c4a1000 	C:\WINDOWS\System32\IMM32.DLL
0x00007ffb5a750000 - 0x00007ffb5a75c000 	C:\Program Files\Java\jdk-22\bin\vcruntime140_1.dll
0x00007ffb5a660000 - 0x00007ffb5a6ee000 	C:\Program Files\Java\jdk-22\bin\msvcp140.dll
0x00007ffafb100000 - 0x00007ffafbe47000 	C:\Program Files\Java\jdk-22\bin\server\jvm.dll
0x00007ffb7ad40000 - 0x00007ffb7adb1000 	C:\WINDOWS\System32\WS2_32.dll
0x00007ffb78f00000 - 0x00007ffb78f4d000 	C:\WINDOWS\SYSTEM32\POWRPROF.dll
0x00007ffb70270000 - 0x00007ffb702a4000 	C:\WINDOWS\SYSTEM32\WINMM.dll
0x00007ffb78ee0000 - 0x00007ffb78ef3000 	C:\WINDOWS\SYSTEM32\UMPDC.dll
0x00007ffb791a0000 - 0x00007ffb791b8000 	C:\WINDOWS\SYSTEM32\kernel.appcore.dll
0x00007ffb5a740000 - 0x00007ffb5a74a000 	C:\Program Files\Java\jdk-22\bin\jimage.dll
0x00007ffb77100000 - 0x00007ffb77332000 	C:\WINDOWS\SYSTEM32\DBGHELP.DLL
0x00007ffb7b000000 - 0x00007ffb7b388000 	C:\WINDOWS\System32\combase.dll
0x00007ffb7b5d0000 - 0x00007ffb7b6a7000 	C:\WINDOWS\System32\OLEAUT32.dll
0x00007ffb44ca0000 - 0x00007ffb44cd2000 	C:\WINDOWS\SYSTEM32\dbgcore.DLL
0x00007ffb7a2c0000 - 0x00007ffb7a339000 	C:\WINDOWS\System32\bcryptPrimitives.dll
0x00007ffb5a720000 - 0x00007ffb5a73e000 	C:\Program Files\Java\jdk-22\bin\java.dll
0x00007ffb7bc10000 - 0x00007ffb7c46c000 	C:\WINDOWS\System32\SHELL32.dll
0x00007ffb7b420000 - 0x00007ffb7b5c5000 	C:\WINDOWS\System32\ole32.dll

dbghelp: loaded successfully - version: 4.0.5 - missing functions: none
symbol engine: initialized successfully - sym options: 0x614 - pdb path: .;C:\Program Files\Java\jdk-22\bin;C:\WINDOWS\SYSTEM32;C:\WINDOWS\WinSxS\amd64_microsoft.windows.common-controls_6595b64144ccf1df_6.0.22621.3527_none_270e469b73872a76;C:\Program Files\Java\jdk-22\bin\server

VM Arguments:
java_command: <unknown>
java_class_path (initial): <not set>
Launcher Type: SUN_STANDARD

[Global flags]
     intx CICompilerCount                          = 4                                         {product} {ergonomic}
     uint ConcGCThreads                            = 2                                         {product} {ergonomic}
     uint G1ConcRefinementThreads                  = 8                                         {product} {ergonomic}
   size_t G1HeapRegionSize                         = 1048576                                   {product} {ergonomic}
   size_t InitialHeapSize                          = 130023424                                 {product} {ergonomic}
   size_t MarkStackSize                            = 4194304                                   {product} {ergonomic}
   size_t MaxHeapSize                              = 2076180480                                {product} {ergonomic}
   size_t MinHeapDeltaBytes                        = 1048576                                   {product} {ergonomic}
   size_t MinHeapSize                              = 8388608                                   {product} {ergonomic}
    uintx NonNMethodCodeHeapSize                   = 5839372                                {pd product} {ergonomic}
    uintx NonProfiledCodeHeapSize                  = 122909434                              {pd product} {ergonomic}
    uintx ProfiledCodeHeapSize                     = 122909434                              {pd product} {ergonomic}
    uintx ReservedCodeCacheSize                    = 251658240                              {pd product} {ergonomic}
     bool SegmentedCodeCache                       = true                                      {product} {ergonomic}
   size_t SoftMaxHeapSize                          = 2076180480                             {manageable} {ergonomic}
     bool UseCompressedOops                        = true                           {product lp64_product} {ergonomic}
     bool UseG1GC                                  = true                                      {product} {ergonomic}
     bool UseLargePagesIndividualAllocation        = false                                  {pd product} {ergonomic}

Logging:
Log output configuration:
 #0: stdout all=warning uptime,level,tags foldmultilines=false
 #1: stderr all=off uptime,level,tags foldmultilines=false

Environment Variables:
PATH=C:\Users\ADMIN\Desktop\HK_2333\doanchuyennganhA\new\pythonProject\.venv\Scripts;C:\Program Files\Common Files\Oracle\Java\javapath;C:\Program Files (x86)\Common Files\Oracle\Java\javapath;C:\Windows\system32;C:\Windows;C:\Windows\System32\Wbem;C:\Windows\System32\WindowsPowerShell\v1.0\;C:\Windows\System32\OpenSSH\;C:\Program Files\NVIDIA Corporation\NVIDIA NvDLISR;C:\WINDOWS\system32;C:\WINDOWS;C:\WINDOWS\System32\Wbem;C:\WINDOWS\System32\WindowsPowerShell\v1.0\;C:\WINDOWS\System32\OpenSSH\;C:\Program Files\dotnet\;C:\Program Files\Microsoft SQL Server\Client SDK\ODBC\170\Tools\Binn\;C:\Program Files (x86)\Microsoft SQL Server\150\Tools\Binn\;C:\Program Files\Microsoft SQL Server\150\Tools\Binn\;C:\Program Files\Microsoft SQL Server\150\DTS\Binn\;C:\Program Files (x86)\Microsoft SQL Server\150\DTS\Binn\;C:\Program Files\Azure Data Studio\bin;C:\Program Files (x86)\NVIDIA Corporation\PhysX\Common;C:\Program Files\Git\cmd;C:\Program Files\nodejs\;C:\WINDOWS\system32;C:\WINDOWS;C:\WINDOWS\System32\Wbem;C:\WINDOWS\System32\WindowsPowerShell\v1.0\;C:\WINDOWS\System32\OpenSSH\;C:\xampp\php;C:\composer;C:\Program Files\Docker\Docker\resources\bin;C:\Users\ADMIN\AppData\Local\Programs\Python\Launcher\;C:\Users\ADMIN\AppData\Local\Microsoft\WindowsApps;C:\Users\ADMIN\AppData\Local\Programs\Microsoft VS Code\bin;C:\Program Files\Azure Data Studio\bin;C:\Users\ADMIN\.dotnet\tools;C:\Users\ADMIN\AppData\Roaming\npm;C:\Users\ADMIN\Desktop\HK_2333\PyCharm Community Edition 2023.3.4\bin;;C:\Users\ADMIN\AppData\Roaming\Composer\vendor\bin;C:\Program Files\Java\jdk-22;
USERNAME=ADMIN
OS=Windows_NT
PROCESSOR_IDENTIFIER=Intel64 Family 6 Model 140 Stepping 1, GenuineIntel
TMP=C:\Users\ADMIN\AppData\Local\Temp
TEMP=C:\Users\ADMIN\AppData\Local\Temp




Periodic native trim disabled

---------------  S Y S T E M  ---------------

OS:
 Windows 11 , 64 bit Build 22621 (10.0.22621.3527)
OS uptime: 0 days 9:07 hours
Hyper-V role detected

CPU: total 8 (initial active 8) (4 cores per cpu, 2 threads per core) family 6 model 140 stepping 1 microcode 0xb4, cx8, cmov, fxsr, ht, mmx, 3dnowpref, sse, sse2, sse3, ssse3, sse4.1, sse4.2, popcnt, lzcnt, tsc, tscinvbit, avx, avx2, aes, erms, clmul, bmi1, bmi2, adx, avx512f, avx512dq, avx512cd, avx512bw, avx512vl, sha, fma, vzeroupper, avx512_vpopcntdq, avx512_vpclmulqdq, avx512_vaes, avx512_vnni, clflush, clflushopt, clwb, avx512_vbmi2, avx512_vbmi, hv, rdtscp, rdpid, fsrm, gfni, avx512_bitalg, f16c, cet_ibt, cet_ss, avx512_ifma
Processor Information for all 8 processors :
  Max Mhz: 2803, Current Mhz: 2803, Mhz Limit: 2803

Memory: 4k page, system-wide physical 7914M (630M free)
TotalPageFile size 32490M (AvailPageFile size 7M)
current process WorkingSet (physical memory assigned to process): 12M, peak: 12M
current process commit charge ("private bytes"): 60M, peak: 184M

vm_info: Java HotSpot(TM) 64-Bit Server VM (22.0.1+8-16) for windows-amd64 JRE (22.0.1+8-16), built on 2024-03-12T10:33:16Z by "mach5one" with MS VC++ 17.6 (VS2022)

END.
